<?xml version="1.0" encoding="utf-8"?><testsuites name="pytest tests"><testsuite name="pytest" errors="0" failures="0" skipped="0" tests="29" time="6.475" timestamp="2026-05-19T22:35:33.314584+00:00" hostname="agent-env-10242683-220c-4dde-9dad-7516cda89d37"><testcase classname="backend.tests.backend_test.TestHealth" name="test_root" time="0.191" /><testcase classname="backend.tests.backend_test.TestAuth" name="test_login_invalid" time="0.379" /><testcase classname="backend.tests.backend_test.TestAuth" name="test_me_no_auth" time="0.162" /><testcase classname="backend.tests.backend_test.TestAuth" name="test_me_with_token" time="0.485" /><testcase classname="backend.tests.backend_test.TestAuth" name="test_logout" time="0.109" /><testcase classname="backend.tests.backend_test.TestCategories" name="test_categories" time="0.117" /><testcase classname="backend.tests.backend_test.TestListingsRead" name="test_list_all" time="0.103" /><testcase classname="backend.tests.backend_test.TestListingsRead" name="test_filter_by_category" time="0.372" /><testcase classname="backend.tests.backend_test.TestListingsRead" name="test_sort_price_asc" time="0.189" /><testcase classname="backend.tests.backend_test.TestListingsRead" name="test_sort_price_desc" time="0.109" /><testcase classname="backend.tests.backend_test.TestListingsRead" name="test_price_range" time="0.150" /><testcase classname="backend.tests.backend_test.TestListingsRead" name="test_q_search" time="0.400" /><testcase classname="backend.tests.backend_test.TestListingsRead" name="test_condition_filter" time="0.128" /><testcase classname="backend.tests.backend_test.TestListingsRead" name="test_get_missing" time="0.106" /><testcase classname="backend.tests.backend_test.TestListingsCRUD" name="test_create_no_auth" time="0.099" /><testcase classname="backend.tests.backend_test.TestListingsCRUD" name="test_create_update_delete" time="0.755" /><testcase classname="backend.tests.backend_test.TestListingsCRUD" name="test_delete_missing" time="0.105" /><testcase classname="backend.tests.backend_test.TestMessages" name="test_public_create_message" time="0.237" /><testcase classname="backend.tests.backend_test.TestMessages" name="test_admin_threads_no_auth" time="0.109" /><testcase classname="backend.tests.backend_test.TestMessages" name="test_admin_list_threads" time="0.105" /><testcase classname="backend.tests.backend_test.TestMessages" name="test_admin_get_thread_marks_read" time="0.106" /><testcase classname="backend.tests.backend_test.TestMessages" name="test_admin_reply" time="0.243" /><testcase classname="backend.tests.backend_test.TestMessages" name="test_admin_delete_thread" time="0.104" /><testcase classname="backend.tests.backend_test.TestUpload" name="test_upload_no_auth" time="0.116" /><testcase classname="backend.tests.backend_test.TestUpload" name="test_upload_reject_non_image" time="0.110" /><testcase classname="backend.tests.backend_test.TestUpload" name="test_upload_reject_oversize" time="0.611" /><testcase classname="backend.tests.backend_test.TestUpload" name="test_upload_and_serve" time="0.460" /><testcase classname="backend.tests.backend_test.TestStats" name="test_stats_no_auth" time="0.096" /><testcase classname="backend.tests.backend_test.TestStats" name="test_stats" time="0.124" /></testsuite></testsuites>